Using pre-set license

 COMMAND LINE ARGUMENTS:
/Applications/Unity/Hub/Editor/2020.3.16f1/Unity.app/Contents/MacOS/Unity
-adb2
-batchMode
-noUpm
-name
AssetImportWorker0
-projectPath
/Users/keolaiseri/Desktop/CM442/Giraffe/Giraffe
-logFile
Logs/AssetImportWorker0.log
-srvPort
56559
Successfully changed project path to: /Users/keolaiseri/Desktop/CM442/Giraffe/Giraffe
/Users/keolaiseri/Desktop/CM442/Giraffe/Giraffe
Using Asset Import Pipeline V2.
Refreshing native plugins compatible for Editor in 52.80 ms, found 3 plugins.
Preloading 0 native plugins for Editor in 0.00 ms.
Initialize engine version: 2020.3.16f1 (049d6eca3c44)
[Subsystems] Discovering subsystems at path /Applications/Unity/Hub/Editor/2020.3.16f1/Unity.app/Contents/Resources/UnitySubsystems
[Subsystems] Discovering subsystems at path /Users/keolaiseri/Desktop/CM442/Giraffe/Giraffe/Assets
GfxDevice: creating device client; threaded=0
2021-10-27 13:32:13.092 Unity[23112:10069098] Color LCD preferred device: Intel(R) UHD Graphics 630 (low power)
2021-10-27 13:32:13.092 Unity[23112:10069098] Metal devices available: 2
2021-10-27 13:32:13.092 Unity[23112:10069098] 0: AMD Radeon Pro 5500M (high power)
2021-10-27 13:32:13.093 Unity[23112:10069098] 1: Intel(R) UHD Graphics 630 (low power)
2021-10-27 13:32:13.093 Unity[23112:10069098] Using device AMD Radeon Pro 5500M (high power)
Initializing Metal device caps: AMD Radeon Pro 5500M
Initialize mono
Mono path[0] = '/Applications/Unity/Hub/Editor/2020.3.16f1/Unity.app/Contents/Managed'
Mono path[1] = '/Applications/Unity/Hub/Editor/2020.3.16f1/Unity.app/Contents/MonoBleedingEdge/lib/mono/unityjit'
Mono config path = '/Applications/Unity/Hub/Editor/2020.3.16f1/Unity.app/Contents/MonoBleedingEdge/etc'
Using monoOptions --debugger-agent=transport=dt_socket,embedding=1,server=y,suspend=n,address=127.0.0.1:56112
Begin MonoManager ReloadAssembly
Registering precompiled unity dll's ...
Register platform support module: /Applications/Unity/Hub/Editor/2020.3.16f1/Unity.app/Contents/PlaybackEngines/MacStandaloneSupport/UnityEditor.OSXStandalone.Extensions.dll
Registered in 0.002523 seconds.
Native extension for OSXStandalone target not found
Refreshing native plugins compatible for Editor in 44.98 ms, found 3 plugins.
Preloading 0 native plugins for Editor in 0.00 ms.
Mono: successfully reloaded assembly
- Completed reload, in  2.418 seconds
Domain Reload Profiling:
	ReloadAssembly (2418ms)
		BeginReloadAssembly (45ms)
			ExecutionOrderSort (0ms)
			DisableScriptedObjects (0ms)
			BackupInstance (0ms)
			ReleaseScriptingObjects (0ms)
			CreateAndSetChildDomain (1ms)
		EndReloadAssembly (458ms)
			LoadAssemblies (45ms)
			RebuildTransferFunctionScriptingTraits (0ms)
			SetupTypeCache (181ms)
			ReleaseScriptCaches (0ms)
			RebuildScriptCaches (36ms)
			SetupLoadedEditorAssemblies (186ms)
				LogAssemblyErrors (0ms)
				InitializePlatformSupportModulesInManaged (4ms)
				SetLoadedEditorAssemblies (0ms)
				RefreshPlugins (45ms)
				BeforeProcessingInitializeOnLoad (8ms)
				ProcessInitializeOnLoadAttributes (99ms)
				ProcessInitializeOnLoadMethodAttributes (30ms)
				AfterProcessingInitializeOnLoad (0ms)
				EditorAssembliesLoaded (0ms)
			ExecutionOrderSort2 (0ms)
			AwakeInstancesAfterBackupRestoration (0ms)
Platform modules already initialized, skipping
Registering precompiled user dll's ...
Registered in 0.030575 seconds.
Begin MonoManager ReloadAssembly
Native extension for OSXStandalone target not found
Refreshing native plugins compatible for Editor in 59.35 ms, found 3 plugins.
Preloading 0 native plugins for Editor in 0.00 ms.
Mono: successfully reloaded assembly
- Completed reload, in  1.592 seconds
Domain Reload Profiling:
	ReloadAssembly (1595ms)
		BeginReloadAssembly (193ms)
			ExecutionOrderSort (0ms)
			DisableScriptedObjects (6ms)
			BackupInstance (0ms)
			ReleaseScriptingObjects (0ms)
			CreateAndSetChildDomain (41ms)
		EndReloadAssembly (1323ms)
			LoadAssemblies (130ms)
			RebuildTransferFunctionScriptingTraits (0ms)
			SetupTypeCache (452ms)
			ReleaseScriptCaches (1ms)
			RebuildScriptCaches (79ms)
			SetupLoadedEditorAssemblies (504ms)
				LogAssemblyErrors (0ms)
				InitializePlatformSupportModulesInManaged (5ms)
				SetLoadedEditorAssemblies (0ms)
				RefreshPlugins (59ms)
				BeforeProcessingInitializeOnLoad (73ms)
				ProcessInitializeOnLoadAttributes (349ms)
				ProcessInitializeOnLoadMethodAttributes (16ms)
				AfterProcessingInitializeOnLoad (1ms)
				EditorAssembliesLoaded (0ms)
			ExecutionOrderSort2 (0ms)
			AwakeInstancesAfterBackupRestoration (7ms)
Platform modules already initialized, skipping
========================================================================
Worker process is ready to serve import requests
Launching external process: /Applications/Unity/Hub/Editor/2020.3.16f1/Unity.app/Contents/Tools/UnityShaderCompiler
Launched and connected shader compiler UnityShaderCompiler after 0.02 seconds
Refreshing native plugins compatible for Editor in 0.63 ms, found 3 plugins.
Preloading 0 native plugins for Editor in 0.00 ms.
Unloading 3291 Unused Serialized files (Serialized files now loaded: 0)
System memory in use before: 210.5 MB.
System memory in use after: 210.7 MB.

Unloading 47 unused Assets to reduce memory usage. Loaded Objects now: 3853.
Total: 4.443899 ms (FindLiveObjects: 0.475184 ms CreateObjectMapping: 0.269394 ms MarkObjects: 3.600694 ms  DeleteObjects: 0.097657 ms)

AssetImportParameters requested are different than current active one (requested -> active):
  custom:video-decoder-ogg-theora: a1e56fd34408186e4bbccfd4996cb3dc -> 
  custom:container-muxer-webm: aa71ff27fc2769a1b78a27578f13a17b -> 
  custom:container-demuxer-webm: 4f35f7cbe854078d1ac9338744f61a02 -> 
  custom:container-demuxer-ogg: 62fdf1f143b41e24485cea50d1cbac27 -> 
  custom:video-encoder-webm-vp8: eb34c28f22e8b96e1ab97ce403110664 -> 
  custom:framework-osx-AVFoundation: e770b220cccbd017edd2c1fefb359320 -> 
  custom:video-decoder-webm-vp8: 9c59270c3fd7afecdb556c50c9e8de78 -> 
  custom:audio-decoder-ogg-vorbis: bf7c407c2cedff20999df2af8eb42d56 -> 
  custom:audio-encoder-webm-vorbis: bf7c407c2cedff20999df2af8eb42d56 -> 
========================================================================
Received Import Request.
  path: Assets/Scenes/temp.unity
  artifactKey: Guid(b7517adc4a29a4ed1be5eb8bb53767e9) Importer(815301076,1909f56bfc062723c751e8b465ee728b)
Start importing Assets/Scenes/temp.unity using Guid(b7517adc4a29a4ed1be5eb8bb53767e9) Importer(815301076,1909f56bfc062723c751e8b465ee728b)  -> (artifact id: '1c4be445b029eafa26073ae2ad42f30b') in 0.014584 seconds 
  Import took 0.019590 seconds .

========================================================================
Received Import Request.
  Time since last request: 75.049660 seconds.
  path: Assets/Characters/Carrot_placeHolder.png
  artifactKey: Guid(63e2f1a3764e94e4cbb5296737dc2d52) Importer(815301076,1909f56bfc062723c751e8b465ee728b)
Start importing Assets/Characters/Carrot_placeHolder.png using Guid(63e2f1a3764e94e4cbb5296737dc2d52) Importer(815301076,1909f56bfc062723c751e8b465ee728b)  -> (artifact id: '523de4d0425ca122fda95b30e6c1d370') in 1.273036 seconds 
  Import took 1.278469 seconds .

========================================================================
Received Import Request.
  Time since last request: 0.000231 seconds.
  path: Assets/Characters/Rabbit_placeHolder.png
  artifactKey: Guid(2e4d452158accdd4aa9f5d0c610d95b5) Importer(815301076,1909f56bfc062723c751e8b465ee728b)
Start importing Assets/Characters/Rabbit_placeHolder.png using Guid(2e4d452158accdd4aa9f5d0c610d95b5) Importer(815301076,1909f56bfc062723c751e8b465ee728b)  -> (artifact id: '8f9c1316d8eea05408a2f0a446f41700') in 0.026206 seconds 
  Import took 0.033613 seconds .

========================================================================
Received Import Request.
  Time since last request: 0.000338 seconds.
  path: Assets/Characters/Sprites
  artifactKey: Guid(6f2a5d2ddd146452a9ac223a5100aa9b) Importer(815301076,1909f56bfc062723c751e8b465ee728b)
Start importing Assets/Characters/Sprites using Guid(6f2a5d2ddd146452a9ac223a5100aa9b) Importer(815301076,1909f56bfc062723c751e8b465ee728b)  -> (artifact id: '0b5c0b16bb235f505c1a5a5efd7847f0') in 0.002086 seconds 
  Import took 0.012305 seconds .

========================================================================
Received Import Request.
  Time since last request: 0.000262 seconds.
  path: Assets/Characters/Giraffe_placeHolder.png
  artifactKey: Guid(252e349a83acbbb4c91363234c637c52) Importer(815301076,1909f56bfc062723c751e8b465ee728b)
Start importing Assets/Characters/Giraffe_placeHolder.png using Guid(252e349a83acbbb4c91363234c637c52) Importer(815301076,1909f56bfc062723c751e8b465ee728b)  -> (artifact id: 'ab1ad86a7d0acf7f083ca1f09e1cb362') in 0.020375 seconds 
  Import took 0.026609 seconds .

========================================================================
Received Import Request.
  Time since last request: 0.995578 seconds.
  path: Assets/Characters/Sprites/giraffe_idle_-_right.png
  artifactKey: Guid(093ad5f78f92d428ea1306e2e845277a) Importer(815301076,1909f56bfc062723c751e8b465ee728b)
Start importing Assets/Characters/Sprites/giraffe_idle_-_right.png using Guid(093ad5f78f92d428ea1306e2e845277a) Importer(815301076,1909f56bfc062723c751e8b465ee728b)  -> (artifact id: 'ec65a761c96ac7ce20103e4bdb423d0f') in 0.024207 seconds 
  Import took 0.029308 seconds .

========================================================================
Received Import Request.
  Time since last request: 35.648894 seconds.
  path: Assets/Background/Field.png
  artifactKey: Guid(e1a0517e5ffe1c54b936778a57cc05cf) Importer(815301076,1909f56bfc062723c751e8b465ee728b)
Start importing Assets/Background/Field.png using Guid(e1a0517e5ffe1c54b936778a57cc05cf) Importer(815301076,1909f56bfc062723c751e8b465ee728b)  -> (artifact id: '9ac08c884ea0e555cd575187e529ae7c') in 0.028335 seconds 
  Import took 0.034232 seconds .

========================================================================
Received Import Request.
  Time since last request: 0.000261 seconds.
  path: Assets/HealthHeartSystem/Graphics/mini-heart.png
  artifactKey: Guid(fed24bd82cefc0c4a8ef64dab6231b53) Importer(815301076,1909f56bfc062723c751e8b465ee728b)
Start importing Assets/HealthHeartSystem/Graphics/mini-heart.png using Guid(fed24bd82cefc0c4a8ef64dab6231b53) Importer(815301076,1909f56bfc062723c751e8b465ee728b)  -> (artifact id: '73446ae3256e4bbfc1468728fa741878') in 0.020826 seconds 
  Import took 0.026719 seconds .

========================================================================
Received Import Request.
  Time since last request: 0.000199 seconds.
  path: Assets/Game Elements/mushroom.png
  artifactKey: Guid(1f3c6d1c7e8cb4291a27b87fa866bf20) Importer(815301076,1909f56bfc062723c751e8b465ee728b)
Start importing Assets/Game Elements/mushroom.png using Guid(1f3c6d1c7e8cb4291a27b87fa866bf20) Importer(815301076,1909f56bfc062723c751e8b465ee728b)  -> (artifact id: '74f984df05f5732af364d76b77fd525f') in 0.016194 seconds 
  Import took 0.020737 seconds .

========================================================================
Received Import Request.
  Time since last request: 0.000214 seconds.
  path: Assets/Background/Field.png
  artifactKey: Guid(e1a0517e5ffe1c54b936778a57cc05cf) Importer(815301076,1909f56bfc062723c751e8b465ee728b)
Start importing Assets/Background/Field.png using Guid(e1a0517e5ffe1c54b936778a57cc05cf) Importer(815301076,1909f56bfc062723c751e8b465ee728b)  -> (artifact id: '9ac08c884ea0e555cd575187e529ae7c') in 0.016561 seconds 
  Import took 0.021282 seconds .

========================================================================
Received Import Request.
  Time since last request: 0.000188 seconds.
  path: Assets/Game Elements/Shroom.png
  artifactKey: Guid(2739185c7084e47d9b28fbf004bd85ad) Importer(815301076,1909f56bfc062723c751e8b465ee728b)
Start importing Assets/Game Elements/Shroom.png using Guid(2739185c7084e47d9b28fbf004bd85ad) Importer(815301076,1909f56bfc062723c751e8b465ee728b)  -> (artifact id: 'e1c32f2f55b7fffb52ee84fa5c3c03dc') in 0.021646 seconds 
  Import took 0.025932 seconds .

========================================================================
Received Prepare
Registering precompiled user dll's ...
Registered in 0.024899 seconds.
Begin MonoManager ReloadAssembly
Native extension for OSXStandalone target not found
Refreshing native plugins compatible for Editor in 0.58 ms, found 3 plugins.
Preloading 0 native plugins for Editor in 0.00 ms.
Mono: successfully reloaded assembly
- Completed reload, in  1.202 seconds
Domain Reload Profiling:
	ReloadAssembly (1202ms)
		BeginReloadAssembly (146ms)
			ExecutionOrderSort (0ms)
			DisableScriptedObjects (7ms)
			BackupInstance (0ms)
			ReleaseScriptingObjects (0ms)
			CreateAndSetChildDomain (79ms)
		EndReloadAssembly (990ms)
			LoadAssemblies (77ms)
			RebuildTransferFunctionScriptingTraits (0ms)
			SetupTypeCache (378ms)
			ReleaseScriptCaches (1ms)
			RebuildScriptCaches (54ms)
			SetupLoadedEditorAssemblies (358ms)
				LogAssemblyErrors (0ms)
				InitializePlatformSupportModulesInManaged (4ms)
				SetLoadedEditorAssemblies (0ms)
				RefreshPlugins (1ms)
				BeforeProcessingInitializeOnLoad (47ms)
				ProcessInitializeOnLoadAttributes (298ms)
				ProcessInitializeOnLoadMethodAttributes (5ms)
				AfterProcessingInitializeOnLoad (2ms)
				EditorAssembliesLoaded (0ms)
			ExecutionOrderSort2 (0ms)
			AwakeInstancesAfterBackupRestoration (12ms)
Platform modules already initialized, skipping
Refreshing native plugins compatible for Editor in 0.66 ms, found 3 plugins.
Preloading 0 native plugins for Editor in 0.00 ms.
Unloading 3267 Unused Serialized files (Serialized files now loaded: 0)
System memory in use before: 216.5 MB.
System memory in use after: 216.7 MB.

Unloading 35 unused Assets to reduce memory usage. Loaded Objects now: 3873.
Total: 4.050118 ms (FindLiveObjects: 0.376569 ms CreateObjectMapping: 0.162708 ms MarkObjects: 3.473537 ms  DeleteObjects: 0.036050 ms)

AssetImportParameters requested are different than current active one (requested -> active):
  custom:video-decoder-ogg-theora: a1e56fd34408186e4bbccfd4996cb3dc -> 
  custom:container-muxer-webm: aa71ff27fc2769a1b78a27578f13a17b -> 
  custom:container-demuxer-webm: 4f35f7cbe854078d1ac9338744f61a02 -> 
  custom:container-demuxer-ogg: 62fdf1f143b41e24485cea50d1cbac27 -> 
  custom:video-encoder-webm-vp8: eb34c28f22e8b96e1ab97ce403110664 -> 
  custom:framework-osx-AVFoundation: e770b220cccbd017edd2c1fefb359320 -> 
  custom:video-decoder-webm-vp8: 9c59270c3fd7afecdb556c50c9e8de78 -> 
  custom:audio-decoder-ogg-vorbis: bf7c407c2cedff20999df2af8eb42d56 -> 
  custom:audio-encoder-webm-vorbis: bf7c407c2cedff20999df2af8eb42d56 -> 
========================================================================
Received Prepare
Registering precompiled user dll's ...
Registered in 0.022363 seconds.
Begin MonoManager ReloadAssembly
Native extension for OSXStandalone target not found
Refreshing native plugins compatible for Editor in 0.59 ms, found 3 plugins.
Preloading 0 native plugins for Editor in 0.00 ms.
Mono: successfully reloaded assembly
- Completed reload, in  1.291 seconds
Domain Reload Profiling:
	ReloadAssembly (1292ms)
		BeginReloadAssembly (141ms)
			ExecutionOrderSort (0ms)
			DisableScriptedObjects (7ms)
			BackupInstance (0ms)
			ReleaseScriptingObjects (0ms)
			CreateAndSetChildDomain (71ms)
		EndReloadAssembly (1066ms)
			LoadAssemblies (125ms)
			RebuildTransferFunctionScriptingTraits (0ms)
			SetupTypeCache (392ms)
			ReleaseScriptCaches (1ms)
			RebuildScriptCaches (56ms)
			SetupLoadedEditorAssemblies (379ms)
				LogAssemblyErrors (0ms)
				InitializePlatformSupportModulesInManaged (5ms)
				SetLoadedEditorAssemblies (0ms)
				RefreshPlugins (1ms)
				BeforeProcessingInitializeOnLoad (49ms)
				ProcessInitializeOnLoadAttributes (316ms)
				ProcessInitializeOnLoadMethodAttributes (6ms)
				AfterProcessingInitializeOnLoad (2ms)
				EditorAssembliesLoaded (0ms)
			ExecutionOrderSort2 (0ms)
			AwakeInstancesAfterBackupRestoration (12ms)
Platform modules already initialized, skipping
Refreshing native plugins compatible for Editor in 0.79 ms, found 3 plugins.
Preloading 0 native plugins for Editor in 0.00 ms.
Unloading 3267 Unused Serialized files (Serialized files now loaded: 0)
System memory in use before: 216.8 MB.
System memory in use after: 217.0 MB.

Unloading 35 unused Assets to reduce memory usage. Loaded Objects now: 3876.
Total: 3.428098 ms (FindLiveObjects: 0.309159 ms CreateObjectMapping: 0.218430 ms MarkObjects: 2.870941 ms  DeleteObjects: 0.028750 ms)

AssetImportParameters requested are different than current active one (requested -> active):
  custom:video-decoder-ogg-theora: a1e56fd34408186e4bbccfd4996cb3dc -> 
  custom:container-muxer-webm: aa71ff27fc2769a1b78a27578f13a17b -> 
  custom:container-demuxer-webm: 4f35f7cbe854078d1ac9338744f61a02 -> 
  custom:container-demuxer-ogg: 62fdf1f143b41e24485cea50d1cbac27 -> 
  custom:video-encoder-webm-vp8: eb34c28f22e8b96e1ab97ce403110664 -> 
  custom:framework-osx-AVFoundation: e770b220cccbd017edd2c1fefb359320 -> 
  custom:video-decoder-webm-vp8: 9c59270c3fd7afecdb556c50c9e8de78 -> 
  custom:audio-decoder-ogg-vorbis: bf7c407c2cedff20999df2af8eb42d56 -> 
  custom:audio-encoder-webm-vorbis: bf7c407c2cedff20999df2af8eb42d56 -> 
AssetImportWorkerClient::OnTransportError - code=2 error=End of file
